# JRE version: Java(TM) SE Runtime Environment (8.0_201-b09) (build 1.8.0_201-b09)
# Java VM: Java HotSpot(TM) 64-Bit Server VM (25.201-b09 mixed mode linux-amd64 compressed oops)
Heap:
 PSYoungGen      total 68096K, used 9085K [0x00000000d7200000, 0x00000000dd480000, 0x0000000100000000)
  eden space 58880K, 0% used [0x00000000d7200000,0x00000000d7200000,0x00000000dab80000)
  from space 9216K, 98% used [0x00000000dc580000,0x00000000dce5f530,0x00000000dce80000)
  to   space 6144K, 0% used [0x00000000dce80000,0x00000000dce80000,0x00000000dd480000)
 ParOldGen       total 60416K, used 10509K [0x0000000085600000, 0x0000000089100000, 0x00000000d7200000)
  object space 60416K, 17% used [0x0000000085600000,0x0000000086043478,0x0000000089100000)
 Metaspace       used 26537K, capacity 27206K, committed 27520K, reserved 1073152K
  class space    used 3166K, capacity 3360K, committed 3456K, reserved 1048576K
GC Heap History (10 events):
Event: 42,468 GC heap after
Heap after GC invocations=6 (full 1):
 PSYoungGen      total 68608K, used 4243K [0x00000000d7200000, 0x00000000dea00000, 0x0000000100000000)
  eden space 63488K, 0% used [0x00000000d7200000,0x00000000d7200000,0x00000000db000000)
  from space 5120K, 82% used [0x00000000db000000,0x00000000db424cb8,0x00000000db500000)
  to   space 11776K, 0% used [0x00000000dde80000,0x00000000dde80000,0x00000000dea00000)
 ParOldGen       total 60416K, used 10477K [0x0000000085600000, 0x0000000089100000, 0x00000000d7200000)
  object space 60416K, 17% used [0x0000000085600000,0x000000008603b478,0x0000000089100000)
 Metaspace       used 21475K, capacity 21926K, committed 22064K, reserved 1069056K
  class space    used 2537K, capacity 2686K, committed 2688K, reserved 1048576K
}
Event: 188,398 GC heap before
{Heap before GC invocations=7 (full 1):
 PSYoungGen      total 68608K, used 67731K [0x00000000d7200000, 0x00000000dea00000, 0x0000000100000000)
  eden space 63488K, 100% used [0x00000000d7200000,0x00000000db000000,0x00000000db000000)
  from space 5120K, 82% used [0x00000000db000000,0x00000000db424cb8,0x00000000db500000)
  to   space 11776K, 0% used [0x00000000dde80000,0x00000000dde80000,0x00000000dea00000)
 ParOldGen       total 60416K, used 10477K [0x0000000085600000, 0x0000000089100000, 0x00000000d7200000)
  object space 60416K, 17% used [0x0000000085600000,0x000000008603b478,0x0000000089100000)
 Metaspace       used 21891K, capacity 22322K, committed 22576K, reserved 1069056K
  class space    used 2558K, capacity 2688K, committed 2688K, reserved 1048576K
Event: 188,405 GC heap after
Heap after GC invocations=7 (full 1):
 PSYoungGen      total 67072K, used 4662K [0x00000000d7200000, 0x00000000de380000, 0x0000000100000000)
  eden space 61952K, 0% used [0x00000000d7200000,0x00000000d7200000,0x00000000dae80000)
  from space 5120K, 91% used [0x00000000dde80000,0x00000000de30da50,0x00000000de380000)
  to   space 11264K, 0% used [0x00000000dcd80000,0x00000000dcd80000,0x00000000dd880000)
 ParOldGen       total 60416K, used 10485K [0x0000000085600000, 0x0000000089100000, 0x00000000d7200000)
  object space 60416K, 17% used [0x0000000085600000,0x000000008603d478,0x0000000089100000)
 Metaspace       used 21891K, capacity 22322K, committed 22576K, reserved 1069056K
  class space    used 2558K, capacity 2688K, committed 2688K, reserved 1048576K
}
Event: 289,841 GC heap before
{Heap before GC invocations=8 (full 1):
 PSYoungGen      total 67072K, used 66614K [0x00000000d7200000, 0x00000000de380000, 0x0000000100000000)
  eden space 61952K, 100% used [0x00000000d7200000,0x00000000dae80000,0x00000000dae80000)
  from space 5120K, 91% used [0x00000000dde80000,0x00000000de30da50,0x00000000de380000)
  to   space 11264K, 0% used [0x00000000dcd80000,0x00000000dcd80000,0x00000000dd880000)
 ParOldGen       total 60416K, used 10485K [0x0000000085600000, 0x0000000089100000, 0x00000000d7200000)
  object space 60416K, 17% used [0x0000000085600000,0x000000008603d478,0x0000000089100000)
 Metaspace       used 21960K, capacity 22386K, committed 22576K, reserved 1069056K
  class space    used 2558K, capacity 2688K, committed 2688K, reserved 1048576K
Event: 289,848 GC heap after
Heap after GC invocations=8 (full 1):
 PSYoungGen      total 65024K, used 4484K [0x00000000d7200000, 0x00000000ddf00000, 0x0000000100000000)
  eden space 60416K, 0% used [0x00000000d7200000,0x00000000d7200000,0x00000000dad00000)
  from space 4608K, 97% used [0x00000000dcd80000,0x00000000dd1e13f0,0x00000000dd200000)
  to   space 11264K, 0% used [0x00000000dd400000,0x00000000dd400000,0x00000000ddf00000)
 ParOldGen       total 60416K, used 10493K [0x0000000085600000, 0x0000000089100000, 0x00000000d7200000)
  object space 60416K, 17% used [0x0000000085600000,0x000000008603f478,0x0000000089100000)
 Metaspace       used 21960K, capacity 22386K, committed 22576K, reserved 1069056K
  class space    used 2558K, capacity 2688K, committed 2688K, reserved 1048576K
}
Event: 404,792 GC heap before
{Heap before GC invocations=9 (full 1):
 PSYoungGen      total 65024K, used 64900K [0x00000000d7200000, 0x00000000ddf00000, 0x0000000100000000)
  eden space 60416K, 100% used [0x00000000d7200000,0x00000000dad00000,0x00000000dad00000)
  from space 4608K, 97% used [0x00000000dcd80000,0x00000000dd1e13f0,0x00000000dd200000)
  to   space 11264K, 0% used [0x00000000dd400000,0x00000000dd400000,0x00000000ddf00000)
 ParOldGen       total 60416K, used 10493K [0x0000000085600000, 0x0000000089100000, 0x00000000d7200000)
  object space 60416K, 17% used [0x0000000085600000,0x000000008603f478,0x0000000089100000)
 Metaspace       used 22929K, capacity 23546K, committed 23936K, reserved 1071104K
  class space    used 2663K, capacity 2840K, committed 2944K, reserved 1048576K
Event: 404,798 GC heap after
Heap after GC invocations=9 (full 1):
 PSYoungGen      total 65536K, used 6334K [0x00000000d7200000, 0x00000000dda80000, 0x0000000100000000)
  eden space 58880K, 0% used [0x00000000d7200000,0x00000000d7200000,0x00000000dab80000)
  from space 6656K, 95% used [0x00000000dd400000,0x00000000dda2fa90,0x00000000dda80000)
  to   space 10752K, 0% used [0x00000000dc580000,0x00000000dc580000,0x00000000dd000000)
 ParOldGen       total 60416K, used 10501K [0x0000000085600000, 0x0000000089100000, 0x00000000d7200000)
  object space 60416K, 17% used [0x0000000085600000,0x0000000086041478,0x0000000089100000)
 Metaspace       used 22929K, capacity 23546K, committed 23936K, reserved 1071104K
  class space    used 2663K, capacity 2840K, committed 2944K, reserved 1048576K
}
Event: 405,096 GC heap before
{Heap before GC invocations=10 (full 1):
 PSYoungGen      total 65536K, used 56849K [0x00000000d7200000, 0x00000000dda80000, 0x0000000100000000)
  eden space 58880K, 85% used [0x00000000d7200000,0x00000000da354aa8,0x00000000dab80000)
  from space 6656K, 95% used [0x00000000dd400000,0x00000000dda2fa90,0x00000000dda80000)
  to   space 10752K, 0% used [0x00000000dc580000,0x00000000dc580000,0x00000000dd000000)
 ParOldGen       total 60416K, used 10501K [0x0000000085600000, 0x0000000089100000, 0x00000000d7200000)
  object space 60416K, 17% used [0x0000000085600000,0x0000000086041478,0x0000000089100000)
 Metaspace       used 26537K, capacity 27206K, committed 27520K, reserved 1073152K
  class space    used 3166K, capacity 3360K, committed 3456K, reserved 1048576K
Event: 405,107 GC heap after
Heap after GC invocations=10 (full 1):
 PSYoungGen      total 68096K, used 9085K [0x00000000d7200000, 0x00000000dd480000, 0x0000000100000000)
  eden space 58880K, 0% used [0x00000000d7200000,0x00000000d7200000,0x00000000dab80000)
  from space 9216K, 98% used [0x00000000dc580000,0x00000000dce5f530,0x00000000dce80000)
  to   space 6144K, 0% used [0x00000000dce80000,0x00000000dce80000,0x00000000dd480000)
 ParOldGen       total 60416K, used 10509K [0x0000000085600000, 0x0000000089100000, 0x00000000d7200000)
  object space 60416K, 17% used [0x0000000085600000,0x0000000086043478,0x0000000089100000)
 Metaspace       used 26537K, capacity 27206K, committed 27520K, reserved 1073152K
  class space    used 3166K, capacity 3360K, committed 3456K, reserved 1048576K
}
Event: 405,107 GC heap before
{Heap before GC invocations=11 (full 2):
 PSYoungGen      total 68096K, used 9085K [0x00000000d7200000, 0x00000000dd480000, 0x0000000100000000)
  eden space 58880K, 0% used [0x00000000d7200000,0x00000000d7200000,0x00000000dab80000)
  from space 9216K, 98% used [0x00000000dc580000,0x00000000dce5f530,0x00000000dce80000)
  to   space 6144K, 0% used [0x00000000dce80000,0x00000000dce80000,0x00000000dd480000)
 ParOldGen       total 60416K, used 10509K [0x0000000085600000, 0x0000000089100000, 0x00000000d7200000)
  object space 60416K, 17% used [0x0000000085600000,0x0000000086043478,0x0000000089100000)
 Metaspace       used 26537K, capacity 27206K, committed 27520K, reserved 1073152K
  class space    used 3166K, capacity 3360K, committed 3456K, reserved 1048576K

